[2025-09-16 14:12:47.074] [info]  Starting application
[2025-09-16 14:12:52.559] [info]  Checking database version against last version: 0.0.3
[2025-09-16 14:12:54.159] [info]  Checking database version against last version: 0.0.3
[2025-09-16 14:12:57.032] [info]  Closing application
[2025-09-16 14:16:35.403] [debug] Starting application
[2025-09-16 14:16:40.684] [info]  Checking database version against last version: 0.0.3
[2025-09-16 14:16:42.130] [info]  Checking database version against last version: 0.0.3
[2025-09-16 14:16:48.127] [info]  Closing application
[2025-09-16 14:21:56.868] [debug] Starting application
[2025-09-16 14:22:02.288] [info]  Checking database version against last version: 0.0.3
[2025-09-16 14:22:03.751] [info]  Checking database version against last version: 0.0.3
[2025-09-16 14:22:46.294] [error] Error reading config file: Error: ENOENT: no such file or directory, open 'C:\Projects\DM-Coffee-Break\config.json'
    at Object.readFileSync (node:fs:448:20)
    at t.readFileSync (node:electron/js2c/node_init:2:10175)
    at readConfigLogFile (C:\Projects\DM-Coffee-Break\build\main.js:2186:41)
    at createWindow (C:\Projects\DM-Coffee-Break\build\main.js:2197:22)
    at C:\Projects\DM-Coffee-Break\build\main.js:2277:7
[2025-09-16 14:22:46.300] [debug] Config loaded: {}
[2025-09-16 14:22:46.303] [debug] Starting application
[2025-09-16 14:22:51.121] [info]  Checking database version against last version: 0.0.3
[2025-09-16 14:22:52.553] [info]  Checking database version against last version: 0.0.3
[2025-09-16 14:25:11.127] [debug] Config loaded: { logLevel: 'warn' }
[2025-09-16 14:25:11.135] [debug] Starting application
[2025-09-16 14:25:17.148] [info]  Checking database version against last version: 0.0.3
[2025-09-16 14:25:18.945] [info]  Checking database version against last version: 0.0.3
[2025-09-16 14:46:11.539] [debug] Starting application
[2025-09-16 14:46:19.071] [debug] Calling checkDatabaseVersion with args: [ '0.0.3' ]
[2025-09-16 14:46:21.027] [debug] Calling checkDatabaseVersion with args: [ '0.0.3' ]
[2025-09-16 14:47:00.792] [debug] Calling checkDatabaseVersion with args: [ '2.2.1' ]
[2025-09-16 14:49:09.006] [debug] Starting application
[2025-09-16 14:49:17.661] [error] [checkDatabaseVersion] Error: Тестовая ошибка, чтобы проверить декоратор
    at SettingsService.<anonymous> (C:\Projects\DM-Coffee-Break\build\main.js:1246:17)
    at Generator.next (<anonymous>)
    at fulfilled (C:\Projects\DM-Coffee-Break\build\main.js:89:24)
[2025-09-16 14:49:20.834] [error] [checkDatabaseVersion] Error: Тестовая ошибка, чтобы проверить декоратор
    at SettingsService.<anonymous> (C:\Projects\DM-Coffee-Break\build\main.js:1246:17)
    at Generator.next (<anonymous>)
    at fulfilled (C:\Projects\DM-Coffee-Break\build\main.js:89:24)
